KK-Gibeon-20220813-1a-C
KK-Gibeon-20220813-1b-C
KK-Gibeon-20220813-1c-C
KK-Gibeon-20220813-3a-C
KK-Grootfontein-20201202-13-PSY
KK-Sesfontein-19750000-1a-Garob
KK-Hoachanas-20201204-17-PSY
KK-Windhoek-2015-Pears-RG
KK-Karibib-20201201-05-PSY
KK-Karibib-20201201-06-PSY
KK-Karibib-20201201-07-PSY
KK-Keetmanshoop_20201205_21-PSY
KK-Keetmanshoop-20201205-22-PSY
RN-Kuboes-20050816-Pears-Willem
KK-Keetmanshoop-20201205-23-PSY
KK-Keetmanshoop-20201205-25-PSY
KK-Khorixas-20201212-1a-C
KK-Windhoek-2015-Recipe-RH1
KK-Khorixas-20201212-1c-C
KK-Maltahohe-20220814-3a-C
KK-Mariental-20220813-1a-C
KK-Mariental-20220813-2a-C
RN-Kuboes-20050813-Pears-Anna
